
Showing logs for build [32mcb-kubecd-bdd-gh-1587286491-pr-v7mrs-1[0m stage [32mfrom-build-pack[0m and container [32mstep-credential-initializer-zd5gt[0m
{"level":"info","ts":1587289404.5194528,"logger":"fallback-logger","caller":"logging/config.go:69","msg":"Fetch GitHub commit ID from kodata failed: open /var/run/ko/refs/heads/0.8.0-ns-support: no such file or directory"}
{"level":"info","ts":1587289404.5200312,"logger":"fallback-logger","caller":"creds-init/main.go:40","msg":"Credentials initialized."}

Showing logs for build [32mcb-kubecd-bdd-gh-1587286491-pr-v7mrs-1[0m stage [32mfrom-build-pack[0m and container [32mstep-working-dir-initializer-rg26q[0m
{"level":"info","ts":1587289405.1783092,"logger":"fallback-logger","caller":"logging/config.go:69","msg":"Fetch GitHub commit ID from kodata failed: open /var/run/ko/HEAD: no such file or directory"}
{"level":"info","ts":1587289405.180148,"logger":"fallback-logger","caller":"bash/main.go:64","msg":"Successfully executed command \"sh -c mkdir -p /workspace/source\"; output "}

Showing logs for build [32mcb-kubecd-bdd-gh-1587286491-pr-v7mrs-1[0m stage [32mfrom-build-pack[0m and container [32mstep-place-tools[0m

Showing logs for build [32mcb-kubecd-bdd-gh-1587286491-pr-v7mrs-1[0m stage [32mfrom-build-pack[0m and container [32mstep-git-source-cb-kubecd-bdd-gh-1587286491-pr-v7mrs-49c79[0m
{"level":"info","ts":1587289411.1724262,"logger":"fallback-logger","caller":"logging/config.go:69","msg":"Fetch GitHub commit ID from kodata failed: open /var/run/ko/refs/heads/0.8.0-ns-support: no such file or directory"}
{"level":"info","ts":1587289412.2128341,"logger":"fallback-logger","caller":"git/git.go:103","msg":"Successfully cloned https://github.com/cb-kubecd/bdd-gh-1587286491.git @ master in path /workspace/source"}

Showing logs for build [32mcb-kubecd-bdd-gh-1587286491-pr-v7mrs-1[0m stage [32mfrom-build-pack[0m and container [32mstep-git-merge[0m
Using SHAs from PULL_REFS=master:72d872e932d6162369c784dcf0473a7206ac2065,1:e770bbc380737053f9455772b803e028e3de4bf1
DEBUG: LC_ALL=C JX_LOG_LEVEL=error git fetch origin --unshallow e770bbc380737053f9455772b803e028e3de4bf1: 72d872e932d6162369c784dcf0473a7206ac2065:
DEBUG: ran git fetch --unshallow origin e770bbc380737053f9455772b803e028e3de4bf1: 72d872e932d6162369c784dcf0473a7206ac2065: in 
DEBUG: LC_ALL=C JX_LOG_LEVEL=error git branch
DEBUG: LC_ALL=C JX_LOG_LEVEL=error git checkout master
DEBUG: ran git checkout master in 
DEBUG: LC_ALL=C JX_LOG_LEVEL=error git reset --hard 72d872e932d6162369c784dcf0473a7206ac2065
DEBUG: ran git reset --hard 72d872e932d6162369c784dcf0473a7206ac2065 in 
DEBUG: LC_ALL=C JX_LOG_LEVEL=error git clean -fd .
DEBUG: ran clean --force -d . in 
DEBUG: JX_LOG_LEVEL=error LC_ALL=C git merge e770bbc380737053f9455772b803e028e3de4bf1
DEBUG: ran git merge e770bbc380737053f9455772b803e028e3de4bf1 in 
DEBUG: LC_ALL=C JX_LOG_LEVEL=error git log --format=%H%x1f%an%x1f%ae%x1f%cn%x1f%ce%x1f%s%n%b%x1e 72d872e932d6162369c784dcf0473a7206ac2065..HEAD
Merged SHA e770bbc380737053f9455772b803e028e3de4bf1 with commit message 'My first PR commit' into base branch master

Showing logs for build [32mcb-kubecd-bdd-gh-1587286491-pr-v7mrs-1[0m stage [32mfrom-build-pack[0m and container [32mstep-build-make-linux[0m
CGO_ENABLED=0 GOOS=linux GOARCH=amd64 GO15VENDOREXPERIMENT=1 go build -ldflags '' -o bin/bdd-gh-1587286491 main.go

Showing logs for build [32mcb-kubecd-bdd-gh-1587286491-pr-v7mrs-1[0m stage [32mfrom-build-pack[0m and container [32mstep-build-container-build[0m
[36mINFO[0m[0000] Resolved base name scratch to scratch        
[36mINFO[0m[0000] Using dockerignore file: /workspace/source/.dockerignore 
[36mINFO[0m[0000] Resolved base name scratch to scratch        
[36mINFO[0m[0000] Built cross stage deps: map[]                
[36mINFO[0m[0000] No base image, nothing to extract            
[36mINFO[0m[0000] cmd: EXPOSE                                  
[36mINFO[0m[0000] Adding exposed port: 8080/tcp                
[36mINFO[0m[0000] Checking for cached layer gcr.io/jenkins-x-bdd3/cache:b2efc51b6c4a3797f4bfd25c90825a024f3941cc752e29ab7079110bfc6bfa67... 
[36mINFO[0m[0001] Using caching version of cmd: COPY ./bin/ /  
[36mINFO[0m[0001] Skipping unpacking as no commands require it. 
[36mINFO[0m[0001] Taking snapshot of full filesystem...        
[36mINFO[0m[0001] Resolving paths                              
[36mINFO[0m[0001] EXPOSE 8080                                  
[36mINFO[0m[0001] cmd: EXPOSE                                  
[36mINFO[0m[0001] Adding exposed port: 8080/tcp                
[36mINFO[0m[0001] No files changed in this command, skipping snapshotting. 
[36mINFO[0m[0001] ENTRYPOINT ["/bdd-gh-1587286491"]            
[36mINFO[0m[0001] No files changed in this command, skipping snapshotting. 
[36mINFO[0m[0001] COPY ./bin/ /                                
[36mINFO[0m[0001] Found cached layer, extracting to filesystem 

Showing logs for build [32mcb-kubecd-bdd-gh-1587286491-pr-v7mrs-1[0m stage [32mfrom-build-pack[0m and container [32mstep-postbuild-post-build[0m
no CVE provider running in the current ** namespace so skip adding image to be analysed

Showing logs for build [32mcb-kubecd-bdd-gh-1587286491-pr-v7mrs-1[0m stage [32mfrom-build-pack[0m and container [32mstep-promote-make-preview[0m
sed -i -e "s/version:.*/version: 0.0.0-SNAPSHOT-PR-1-1/" Chart.yaml
sed -i -e "s/version:.*/version: 0.0.0-SNAPSHOT-PR-1-1/" ../*/Chart.yaml
sed -i -e "s|repository:.*|repository: gcr.io\/jenkins-x-bdd3\/bdd-gh-1587286491|" values.yaml
sed -i -e "s/tag:.*/tag: 0.0.0-SNAPSHOT-PR-1-1/" values.yaml
echo "  version: 0.0.0-SNAPSHOT-PR-1-1" >> requirements.yaml
** step helm build
WARNING: No $CHART_REPOSITORY defined so using the default value of: http://jenkins-x-chartmuseum:8080
Adding missing Helm repo: storage.googleapis.com https://storage.googleapis.com/chartmuseum.jenkins-x.io
WARNING: No secrets found on "helm/repos" due: reading the secret "helm/repos" from vault: no secret "helm/repos" not found in vault
Read credentials for https://storage.googleapis.com/chartmuseum.jenkins-x.io from vault helm/repos
Successfully added Helm repository storage.googleapis.com.
Adding missing Helm repo: jenkins-x-chartmuseum http://jenkins-x-chartmuseum:8080
WARNING: No secrets found on "helm/repos" due: reading the secret "helm/repos" from vault: no secret "helm/repos" not found in vault
Read credentials for http://jenkins-x-chartmuseum:8080 from vault helm/repos
Successfully added Helm repository jenkins-x-chartmuseum.
WARNING: No $CHART_REPOSITORY defined so using the default value of: http://jenkins-x-chartmuseum:8080
Adding missing Helm repo: chartmuseum.jenkins-x.io http://chartmuseum.jenkins-x.io
WARNING: No secrets found on "helm/repos" due: reading the secret "helm/repos" from vault: no secret "helm/repos" not found in vault
Read credentials for http://chartmuseum.jenkins-x.io from vault helm/repos
Successfully added Helm repository chartmuseum.jenkins-x.io.

Showing logs for build [32mcb-kubecd-bdd-gh-1587286491-pr-v7mrs-1[0m stage [32mfrom-build-pack[0m and container [32mstep-promote-jx-preview[0m
Creating a preview
Created environment cb-kubecd-bdd-gh-1587286491-pr-1
Namespace **-cb-kubecd-bdd-gh-1587286491-pr-1 created 
expose:
  Annotations:
    helm.sh/hook: post-install,post-upgrade
    helm.sh/hook-delete-policy: hook-succeeded
  config:
    domain: c**d2.bdd.jenkins-x.rocks
    exposer: Ingress
    http: "true"
preview:
  image:
    repository: gcr.io/jenkins-x-bdd3/bdd-gh-1587286491
    tag: 0.0.0-SNAPSHOT-PR-1-1

Updating PipelineActivities cb-kubecd-bdd-gh-1587286491-pr-1-1 which has status Running
WARNING: preview application http://bdd-gh-1587286491.**-cb-kubecd-bdd-gh-1587286491-pr-1.c**d2.bdd.jenkins-x.rocks not available, error was Get http://bdd-gh-1587286491.**-cb-kubecd-bdd-gh-1587286491-pr-1.c**d2.bdd.jenkins-x.rocks: dial tcp: lookup bdd-gh-1587286491.**-cb-kubecd-bdd-gh-1587286491-pr-1.c**d2.bdd.jenkins-x.rocks on 10.15.240.10:53: no such host, delaying for: 1.283034974s
WARNING: preview application http://bdd-gh-1587286491.**-cb-kubecd-bdd-gh-1587286491-pr-1.c**d2.bdd.jenkins-x.rocks not available, error was Get http://bdd-gh-1587286491.**-cb-kubecd-bdd-gh-1587286491-pr-1.c**d2.bdd.jenkins-x.rocks: dial tcp: lookup bdd-gh-1587286491.**-cb-kubecd-bdd-gh-1587286491-pr-1.c**d2.bdd.jenkins-x.rocks on 10.15.240.10:53: no such host, delaying for: 956.706092ms
WARNING: preview application http://bdd-gh-1587286491.**-cb-kubecd-bdd-gh-1587286491-pr-1.c**d2.bdd.jenkins-x.rocks not available, error was Get http://bdd-gh-1587286491.**-cb-kubecd-bdd-gh-1587286491-pr-1.c**d2.bdd.jenkins-x.rocks: dial tcp: lookup bdd-gh-1587286491.**-cb-kubecd-bdd-gh-1587286491-pr-1.c**d2.bdd.jenkins-x.rocks on 10.15.240.10:53: no such host, delaying for: 1.345569468s
WARNING: preview application http://bdd-gh-1587286491.**-cb-kubecd-bdd-gh-1587286491-pr-1.c**d2.bdd.jenkins-x.rocks not available, error was Get http://bdd-gh-1587286491.**-cb-kubecd-bdd-gh-1587286491-pr-1.c**d2.bdd.jenkins-x.rocks: dial tcp: lookup bdd-gh-1587286491.**-cb-kubecd-bdd-gh-1587286491-pr-1.c**d2.bdd.jenkins-x.rocks on 10.15.240.10:53: no such host, delaying for: 4.050971572s
WARNING: preview application http://bdd-gh-1587286491.**-cb-kubecd-bdd-gh-1587286491-pr-1.c**d2.bdd.jenkins-x.rocks not available, error was Get http://bdd-gh-1587286491.**-cb-kubecd-bdd-gh-1587286491-pr-1.c**d2.bdd.jenkins-x.rocks: dial tcp: lookup bdd-gh-1587286491.**-cb-kubecd-bdd-gh-1587286491-pr-1.c**d2.bdd.jenkins-x.rocks on 10.15.240.10:53: no such host, delaying for: 2.640264778s
WARNING: preview application http://bdd-gh-1587286491.**-cb-kubecd-bdd-gh-1587286491-pr-1.c**d2.bdd.jenkins-x.rocks not available, error was Get http://bdd-gh-1587286491.**-cb-kubecd-bdd-gh-1587286491-pr-1.c**d2.bdd.jenkins-x.rocks: dial tcp: lookup bdd-gh-1587286491.**-cb-kubecd-bdd-gh-1587286491-pr-1.c**d2.bdd.jenkins-x.rocks on 10.15.240.10:53: no such host, delaying for: 7.589083593s
WARNING: preview application http://bdd-gh-1587286491.**-cb-kubecd-bdd-gh-1587286491-pr-1.c**d2.bdd.jenkins-x.rocks not available, error was Get http://bdd-gh-1587286491.**-cb-kubecd-bdd-gh-1587286491-pr-1.c**d2.bdd.jenkins-x.rocks: dial tcp: lookup bdd-gh-1587286491.**-cb-kubecd-bdd-gh-1587286491-pr-1.c**d2.bdd.jenkins-x.rocks on 10.15.240.10:53: no such host, delaying for: 6.520544564s
WARNING: preview application http://bdd-gh-1587286491.**-cb-kubecd-bdd-gh-1587286491-pr-1.c**d2.bdd.jenkins-x.rocks not available, error was Get http://bdd-gh-1587286491.**-cb-kubecd-bdd-gh-1587286491-pr-1.c**d2.bdd.jenkins-x.rocks: dial tcp: lookup bdd-gh-1587286491.**-cb-kubecd-bdd-gh-1587286491-pr-1.c**d2.bdd.jenkins-x.rocks on 10.15.240.10:53: no such host, delaying for: 10.199180659s
WARNING: preview application http://bdd-gh-1587286491.**-cb-kubecd-bdd-gh-1587286491-pr-1.c**d2.bdd.jenkins-x.rocks not available, error was Get http://bdd-gh-1587286491.**-cb-kubecd-bdd-gh-1587286491-pr-1.c**d2.bdd.jenkins-x.rocks: dial tcp: lookup bdd-gh-1587286491.**-cb-kubecd-bdd-gh-1587286491-pr-1.c**d2.bdd.jenkins-x.rocks on 10.15.240.10:53: no such host, delaying for: 37.600023335s
WARNING: preview application http://bdd-gh-1587286491.**-cb-kubecd-bdd-gh-1587286491-pr-1.c**d2.bdd.jenkins-x.rocks not available, error was Get http://bdd-gh-1587286491.**-cb-kubecd-bdd-gh-1587286491-pr-1.c**d2.bdd.jenkins-x.rocks: dial tcp: lookup bdd-gh-1587286491.**-cb-kubecd-bdd-gh-1587286491-pr-1.c**d2.bdd.jenkins-x.rocks on 10.15.240.10:53: no such host, delaying for: 35.856053632s
WARNING: preview application http://bdd-gh-1587286491.**-cb-kubecd-bdd-gh-1587286491-pr-1.c**d2.bdd.jenkins-x.rocks not available, error was Get http://bdd-gh-1587286491.**-cb-kubecd-bdd-gh-1587286491-pr-1.c**d2.bdd.jenkins-x.rocks: dial tcp: lookup bdd-gh-1587286491.**-cb-kubecd-bdd-gh-1587286491-pr-1.c**d2.bdd.jenkins-x.rocks on 10.15.240.10:53: no such host, delaying for: 29.275456602s
WARNING: preview application http://bdd-gh-1587286491.**-cb-kubecd-bdd-gh-1587286491-pr-1.c**d2.bdd.jenkins-x.rocks not available, error was Get http://bdd-gh-1587286491.**-cb-kubecd-bdd-gh-1587286491-pr-1.c**d2.bdd.jenkins-x.rocks: dial tcp: lookup bdd-gh-1587286491.**-cb-kubecd-bdd-gh-1587286491-pr-1.c**d2.bdd.jenkins-x.rocks on 10.15.240.10:53: no such host, delaying for: 1m4.701075416s
WARNING: preview application http://bdd-gh-1587286491.**-cb-kubecd-bdd-gh-1587286491-pr-1.c**d2.bdd.jenkins-x.rocks not available, error was Get http://bdd-gh-1587286491.**-cb-kubecd-bdd-gh-1587286491-pr-1.c**d2.bdd.jenkins-x.rocks: dial tcp: lookup bdd-gh-1587286491.**-cb-kubecd-bdd-gh-1587286491-pr-1.c**d2.bdd.jenkins-x.rocks on 10.15.240.10:53: no such host, delaying for: 1m27.788364073s
WARNING: preview application http://bdd-gh-1587286491.**-cb-kubecd-bdd-gh-1587286491-pr-1.c**d2.bdd.jenkins-x.rocks not available, error was Get http://bdd-gh-1587286491.**-cb-kubecd-bdd-gh-1587286491-pr-1.c**d2.bdd.jenkins-x.rocks: dial tcp: lookup bdd-gh-1587286491.**-cb-kubecd-bdd-gh-1587286491-pr-1.c**d2.bdd.jenkins-x.rocks on 10.15.240.10:53: no such host, delaying for: 1m12.644634709s
Preview application is now available at: http://bdd-gh-1587286491.**-cb-kubecd-bdd-gh-1587286491-pr-1.c**d2.bdd.jenkins-x.rocks
